The system is: Linux - 3.13.0-71-generic - x86_64
Compiling the C compiler identification source file "CMakeCCompilerId.c" succeeded.
Compiler: /home/manuel/github/CLM-framework/android-toolchain/bin/arm-linux-androideabi-gcc 
Build flags: 
Id flags: 

The output was:
0


Compilation of the C compiler identification source "CMakeCCompilerId.c" produced "a.out"

The C compiler identification is GNU, found in "/home/manuel/github/CLM-framework/exe/SimpleCLM/CMakeFiles/2.8.12.2/CompilerIdC/a.out"

Compiling the CXX compiler identification source file "CMakeCXXCompilerId.cpp" succeeded.
Compiler: /home/manuel/github/CLM-framework/android-toolchain/bin/arm-linux-androideabi-g++ 
Build flags: 
Id flags: 

The output was:
0


Compilation of the CXX compiler identification source "CMakeCXXCompilerId.cpp" produced "a.out"

The CXX compiler identification is GNU, found in "/home/manuel/github/CLM-framework/exe/SimpleCLM/CMakeFiles/2.8.12.2/CompilerIdCXX/a.out"

Determining if the C compiler works passed with the following output:
Change Dir: /home/manuel/github/CLM-framework/exe/SimpleCLM/CMakeFiles/CMakeTmp

Run Build Command:/usr/bin/make "cmTryCompileExec346858167/fast"
/usr/bin/make -f CMakeFiles/cmTryCompileExec346858167.dir/build.make CMakeFiles/cmTryCompileExec346858167.dir/build
make[1]: Entering directory `/home/manuel/github/CLM-framework/exe/SimpleCLM/CMakeFiles/CMakeTmp'
/usr/bin/cmake -E cmake_progress_report /home/manuel/github/CLM-framework/exe/SimpleCLM/CMakeFiles/CMakeTmp/CMakeFiles 1
Building C object CMakeFiles/cmTryCompileExec346858167.dir/testCCompiler.c.o
/home/manuel/github/CLM-framework/android-toolchain/bin/arm-linux-androideabi-gcc    -o CMakeFiles/cmTryCompileExec346858167.dir/testCCompiler.c.o   -c /home/manuel/github/CLM-framework/exe/SimpleCLM/CMakeFiles/CMakeTmp/testCCompiler.c
Linking C executable cmTryCompileExec346858167
/usr/bin/cmake -E cmake_link_script CMakeFiles/cmTryCompileExec346858167.dir/link.txt --verbose=1
/home/manuel/github/CLM-framework/android-toolchain/bin/arm-linux-androideabi-gcc       CMakeFiles/cmTryCompileExec346858167.dir/testCCompiler.c.o  -o cmTryCompileExec346858167 -rdynamic 
make[1]: Leaving directory `/home/manuel/github/CLM-framework/exe/SimpleCLM/CMakeFiles/CMakeTmp'


Detecting C compiler ABI info compiled with the following output:
Change Dir: /home/manuel/github/CLM-framework/exe/SimpleCLM/CMakeFiles/CMakeTmp

Run Build Command:/usr/bin/make "cmTryCompileExec618801314/fast"
/usr/bin/make -f CMakeFiles/cmTryCompileExec618801314.dir/build.make CMakeFiles/cmTryCompileExec618801314.dir/build
make[1]: Entering directory `/home/manuel/github/CLM-framework/exe/SimpleCLM/CMakeFiles/CMakeTmp'
/usr/bin/cmake -E cmake_progress_report /home/manuel/github/CLM-framework/exe/SimpleCLM/CMakeFiles/CMakeTmp/CMakeFiles 1
Building C object CMakeFiles/cmTryCompileExec618801314.dir/CMakeCCompilerABI.c.o
/home/manuel/github/CLM-framework/android-toolchain/bin/arm-linux-androideabi-gcc    -o CMakeFiles/cmTryCompileExec618801314.dir/CMakeCCompilerABI.c.o   -c /usr/share/cmake-2.8/Modules/CMakeCCompilerABI.c
Linking C executable cmTryCompileExec618801314
/usr/bin/cmake -E cmake_link_script CMakeFiles/cmTryCompileExec618801314.dir/link.txt --verbose=1
/home/manuel/github/CLM-framework/android-toolchain/bin/arm-linux-androideabi-gcc     -v CMakeFiles/cmTryCompileExec618801314.dir/CMakeCCompilerABI.c.o  -o cmTryCompileExec618801314 -rdynamic  
Using built-in specs.
COLLECT_GCC=/home/manuel/github/CLM-framework/android-toolchain/bin/arm-linux-androideabi-gcc
COLLECT_LTO_WRAPPER=/home/manuel/github/CLM-framework/android-toolchain/bin/../libexec/gcc/arm-linux-androideabi/4.8/lto-wrapper
Target: arm-linux-androideabi
Configured with: /s/ndk-toolchain/src/build/../gcc/gcc-4.8/configure --prefix=/tmp/ndk-andrewhsieh/build/toolchain/prefix --target=arm-linux-androideabi --host=x86_64-linux-gnu --build=x86_64-linux-gnu --with-gnu-as --with-gnu-ld --enable-languages=c,c++ --with-gmp=/tmp/ndk-andrewhsieh/build/toolchain/temp-install --with-mpfr=/tmp/ndk-andrewhsieh/build/toolchain/temp-install --with-mpc=/tmp/ndk-andrewhsieh/build/toolchain/temp-install --with-cloog=/tmp/ndk-andrewhsieh/build/toolchain/temp-install --with-isl=/tmp/ndk-andrewhsieh/build/toolchain/temp-install --with-ppl=/tmp/ndk-andrewhsieh/build/toolchain/temp-install --disable-ppl-version-check --disable-cloog-version-check --disable-isl-version-check --enable-cloog-backend=isl --with-host-libstdcxx='-static-libgcc -Wl,-Bstatic,-lstdc++,-Bdynamic -lm' --disable-libssp --enable-threads --disable-nls --disable-libmudflap --disable-libgomp --disable-libstdc__-v3 --disable-sjlj-exceptions --disable-shared --disable-tls --disable-libitm --with-float=soft --with-fpu=vfp --with-arch=armv5te --enable-target-optspace --enable-initfini-array --disable-nls --prefix=/tmp/ndk-andrewhsieh/build/toolchain/prefix --with-sysroot=/tmp/ndk-andrewhsieh/build/toolchain/prefix/sysroot --with-binutils-version=2.25 --with-mpfr-version=3.1.1 --with-mpc-version=1.0.1 --with-gmp-version=5.0.5 --with-gcc-version=4.8 --with-gdb-version=7.7 --with-python=/usr/local/google/home/andrewhsieh/mydroid/ndk/prebuilt/linux-x86_64/bin/python-config.sh --with-gxx-include-dir=/tmp/ndk-andrewhsieh/build/toolchain/prefix/include/c++/4.8 --with-bugurl=http://source.android.com/source/report-bugs.html --enable-languages=c,c++ --disable-bootstrap --enable-plugins --enable-libgomp --enable-gnu-indirect-function --disable-libsanitizer --enable-gold --enable-threads --enable-graphite=yes --with-cloog-version=0.18.0 --with-isl-version=0.11.1 --enable-eh-frame-hdr-for-static --with-arch=armv5te --program-transform-name='s&^&arm-linux-androideabi-&' --enable-gold=default
Thread model: posix
gcc version 4.8 (GCC) 
COMPILER_PATH=/home/manuel/github/CLM-framework/android-toolchain/bin/../libexec/gcc/arm-linux-androideabi/4.8/:/home/manuel/github/CLM-framework/android-toolchain/bin/../libexec/gcc/:/home/manuel/github/CLM-framework/android-toolchain/bin/../lib/gcc/arm-linux-androideabi/4.8/../../../../arm-linux-androideabi/bin/
LIBRARY_PATH=/home/manuel/github/CLM-framework/android-toolchain/bin/../lib/gcc/arm-linux-androideabi/4.8/:/home/manuel/github/CLM-framework/android-toolchain/bin/../lib/gcc/:/home/manuel/github/CLM-framework/android-toolchain/bin/../lib/gcc/arm-linux-androideabi/4.8/../../../../arm-linux-androideabi/lib/:/home/manuel/github/CLM-framework/android-toolchain/bin/../sysroot/usr/lib/
COLLECT_GCC_OPTIONS='-v' '-o' 'cmTryCompileExec618801314' '-rdynamic' '-march=armv5te' '-mfloat-abi=soft' '-mfpu=vfp' '-mtls-dialect=gnu'
 /home/manuel/github/CLM-framework/android-toolchain/bin/../libexec/gcc/arm-linux-androideabi/4.8/collect2 --sysroot=/home/manuel/github/CLM-framework/android-toolchain/bin/../sysroot --eh-frame-hdr -export-dynamic -dynamic-linker /system/bin/linker -X -m armelf_linux_eabi -z noexecstack -z relro -z now -o cmTryCompileExec618801314 /home/manuel/github/CLM-framework/android-toolchain/bin/../sysroot/usr/lib/crtbegin_dynamic.o -L/home/manuel/github/CLM-framework/android-toolchain/bin/../lib/gcc/arm-linux-androideabi/4.8 -L/home/manuel/github/CLM-framework/android-toolchain/bin/../lib/gcc -L/home/manuel/github/CLM-framework/android-toolchain/bin/../lib/gcc/arm-linux-androideabi/4.8/../../../../arm-linux-androideabi/lib -L/home/manuel/github/CLM-framework/android-toolchain/bin/../sysroot/usr/lib CMakeFiles/cmTryCompileExec618801314.dir/CMakeCCompilerABI.c.o -lgcc -lc -ldl -lgcc /home/manuel/github/CLM-framework/android-toolchain/bin/../sysroot/usr/lib/crtend_android.o
make[1]: Leaving directory `/home/manuel/github/CLM-framework/exe/SimpleCLM/CMakeFiles/CMakeTmp'


Parsed C implicit link information from above output:
  link line regex: [^( *|.*[/\])(ld|([^/\]+-)?ld|collect2)[^/\]*( |$)]
  ignore line: [Change Dir: /home/manuel/github/CLM-framework/exe/SimpleCLM/CMakeFiles/CMakeTmp]
  ignore line: []
  ignore line: [Run Build Command:/usr/bin/make "cmTryCompileExec618801314/fast"]
  ignore line: [/usr/bin/make -f CMakeFiles/cmTryCompileExec618801314.dir/build.make CMakeFiles/cmTryCompileExec618801314.dir/build]
  ignore line: [make[1]: Entering directory `/home/manuel/github/CLM-framework/exe/SimpleCLM/CMakeFiles/CMakeTmp']
  ignore line: [/usr/bin/cmake -E cmake_progress_report /home/manuel/github/CLM-framework/exe/SimpleCLM/CMakeFiles/CMakeTmp/CMakeFiles 1]
  ignore line: [Building C object CMakeFiles/cmTryCompileExec618801314.dir/CMakeCCompilerABI.c.o]
  ignore line: [/home/manuel/github/CLM-framework/android-toolchain/bin/arm-linux-androideabi-gcc    -o CMakeFiles/cmTryCompileExec618801314.dir/CMakeCCompilerABI.c.o   -c /usr/share/cmake-2.8/Modules/CMakeCCompilerABI.c]
  ignore line: [Linking C executable cmTryCompileExec618801314]
  ignore line: [/usr/bin/cmake -E cmake_link_script CMakeFiles/cmTryCompileExec618801314.dir/link.txt --verbose=1]
  ignore line: [/home/manuel/github/CLM-framework/android-toolchain/bin/arm-linux-androideabi-gcc     -v CMakeFiles/cmTryCompileExec618801314.dir/CMakeCCompilerABI.c.o  -o cmTryCompileExec618801314 -rdynamic  ]
  ignore line: [Using built-in specs.]
  ignore line: [COLLECT_GCC=/home/manuel/github/CLM-framework/android-toolchain/bin/arm-linux-androideabi-gcc]
  ignore line: [COLLECT_LTO_WRAPPER=/home/manuel/github/CLM-framework/android-toolchain/bin/../libexec/gcc/arm-linux-androideabi/4.8/lto-wrapper]
  ignore line: [Target: arm-linux-androideabi]
  ignore line: [Configured with: /s/ndk-toolchain/src/build/../gcc/gcc-4.8/configure --prefix=/tmp/ndk-andrewhsieh/build/toolchain/prefix --target=arm-linux-androideabi --host=x86_64-linux-gnu --build=x86_64-linux-gnu --with-gnu-as --with-gnu-ld --enable-languages=c,c++ --with-gmp=/tmp/ndk-andrewhsieh/build/toolchain/temp-install --with-mpfr=/tmp/ndk-andrewhsieh/build/toolchain/temp-install --with-mpc=/tmp/ndk-andrewhsieh/build/toolchain/temp-install --with-cloog=/tmp/ndk-andrewhsieh/build/toolchain/temp-install --with-isl=/tmp/ndk-andrewhsieh/build/toolchain/temp-install --with-ppl=/tmp/ndk-andrewhsieh/build/toolchain/temp-install --disable-ppl-version-check --disable-cloog-version-check --disable-isl-version-check --enable-cloog-backend=isl --with-host-libstdcxx='-static-libgcc -Wl,-Bstatic,-lstdc++,-Bdynamic -lm' --disable-libssp --enable-threads --disable-nls --disable-libmudflap --disable-libgomp --disable-libstdc__-v3 --disable-sjlj-exceptions --disable-shared --disable-tls --disable-libitm --with-float=soft --with-fpu=vfp --with-arch=armv5te --enable-target-optspace --enable-initfini-array --disable-nls --prefix=/tmp/ndk-andrewhsieh/build/toolchain/prefix --with-sysroot=/tmp/ndk-andrewhsieh/build/toolchain/prefix/sysroot --with-binutils-version=2.25 --with-mpfr-version=3.1.1 --with-mpc-version=1.0.1 --with-gmp-version=5.0.5 --with-gcc-version=4.8 --with-gdb-version=7.7 --with-python=/usr/local/google/home/andrewhsieh/mydroid/ndk/prebuilt/linux-x86_64/bin/python-config.sh --with-gxx-include-dir=/tmp/ndk-andrewhsieh/build/toolchain/prefix/include/c++/4.8 --with-bugurl=http://source.android.com/source/report-bugs.html --enable-languages=c,c++ --disable-bootstrap --enable-plugins --enable-libgomp --enable-gnu-indirect-function --disable-libsanitizer --enable-gold --enable-threads --enable-graphite=yes --with-cloog-version=0.18.0 --with-isl-version=0.11.1 --enable-eh-frame-hdr-for-static --with-arch=armv5te --program-transform-name='s&^&arm-linux-androideabi-&' --enable-gold=default]
  ignore line: [Thread model: posix]
  ignore line: [gcc version 4.8 (GCC) ]
  ignore line: [COMPILER_PATH=/home/manuel/github/CLM-framework/android-toolchain/bin/../libexec/gcc/arm-linux-androideabi/4.8/:/home/manuel/github/CLM-framework/android-toolchain/bin/../libexec/gcc/:/home/manuel/github/CLM-framework/android-toolchain/bin/../lib/gcc/arm-linux-androideabi/4.8/../../../../arm-linux-androideabi/bin/]
  ignore line: [LIBRARY_PATH=/home/manuel/github/CLM-framework/android-toolchain/bin/../lib/gcc/arm-linux-androideabi/4.8/:/home/manuel/github/CLM-framework/android-toolchain/bin/../lib/gcc/:/home/manuel/github/CLM-framework/android-toolchain/bin/../lib/gcc/arm-linux-androideabi/4.8/../../../../arm-linux-androideabi/lib/:/home/manuel/github/CLM-framework/android-toolchain/bin/../sysroot/usr/lib/]
  ignore line: [COLLECT_GCC_OPTIONS='-v' '-o' 'cmTryCompileExec618801314' '-rdynamic' '-march=armv5te' '-mfloat-abi=soft' '-mfpu=vfp' '-mtls-dialect=gnu']
  link line: [ /home/manuel/github/CLM-framework/android-toolchain/bin/../libexec/gcc/arm-linux-androideabi/4.8/collect2 --sysroot=/home/manuel/github/CLM-framework/android-toolchain/bin/../sysroot --eh-frame-hdr -export-dynamic -dynamic-linker /system/bin/linker -X -m armelf_linux_eabi -z noexecstack -z relro -z now -o cmTryCompileExec618801314 /home/manuel/github/CLM-framework/android-toolchain/bin/../sysroot/usr/lib/crtbegin_dynamic.o -L/home/manuel/github/CLM-framework/android-toolchain/bin/../lib/gcc/arm-linux-androideabi/4.8 -L/home/manuel/github/CLM-framework/android-toolchain/bin/../lib/gcc -L/home/manuel/github/CLM-framework/android-toolchain/bin/../lib/gcc/arm-linux-androideabi/4.8/../../../../arm-linux-androideabi/lib -L/home/manuel/github/CLM-framework/android-toolchain/bin/../sysroot/usr/lib CMakeFiles/cmTryCompileExec618801314.dir/CMakeCCompilerABI.c.o -lgcc -lc -ldl -lgcc /home/manuel/github/CLM-framework/android-toolchain/bin/../sysroot/usr/lib/crtend_android.o]
    arg [/home/manuel/github/CLM-framework/android-toolchain/bin/../libexec/gcc/arm-linux-androideabi/4.8/collect2] ==> ignore
    arg [--sysroot=/home/manuel/github/CLM-framework/android-toolchain/bin/../sysroot] ==> ignore
    arg [--eh-frame-hdr] ==> ignore
    arg [-export-dynamic] ==> ignore
    arg [-dynamic-linker] ==> ignore
    arg [/system/bin/linker] ==> ignore
    arg [-X] ==> ignore
    arg [-m] ==> ignore
    arg [armelf_linux_eabi] ==> ignore
    arg [-znoexecstack] ==> ignore
    arg [-zrelro] ==> ignore
    arg [-znow] ==> ignore
    arg [-o] ==> ignore
    arg [cmTryCompileExec618801314] ==> ignore
    arg [/home/manuel/github/CLM-framework/android-toolchain/bin/../sysroot/usr/lib/crtbegin_dynamic.o] ==> ignore
    arg [-L/home/manuel/github/CLM-framework/android-toolchain/bin/../lib/gcc/arm-linux-androideabi/4.8] ==> dir [/home/manuel/github/CLM-framework/android-toolchain/bin/../lib/gcc/arm-linux-androideabi/4.8]
    arg [-L/home/manuel/github/CLM-framework/android-toolchain/bin/../lib/gcc] ==> dir [/home/manuel/github/CLM-framework/android-toolchain/bin/../lib/gcc]
    arg [-L/home/manuel/github/CLM-framework/android-toolchain/bin/../lib/gcc/arm-linux-androideabi/4.8/../../../../arm-linux-androideabi/lib] ==> dir [/home/manuel/github/CLM-framework/android-toolchain/bin/../lib/gcc/arm-linux-androideabi/4.8/../../../../arm-linux-androideabi/lib]
    arg [-L/home/manuel/github/CLM-framework/android-toolchain/bin/../sysroot/usr/lib] ==> dir [/home/manuel/github/CLM-framework/android-toolchain/bin/../sysroot/usr/lib]
    arg [CMakeFiles/cmTryCompileExec618801314.dir/CMakeCCompilerABI.c.o] ==> ignore
    arg [-lgcc] ==> lib [gcc]
    arg [-lc] ==> lib [c]
    arg [-ldl] ==> lib [dl]
    arg [-lgcc] ==> lib [gcc]
    arg [/home/manuel/github/CLM-framework/android-toolchain/bin/../sysroot/usr/lib/crtend_android.o] ==> ignore
  remove lib [gcc]
  remove lib [gcc]
  collapse library dir [/home/manuel/github/CLM-framework/android-toolchain/bin/../lib/gcc/arm-linux-androideabi/4.8] ==> [/home/manuel/github/CLM-framework/android-toolchain/lib/gcc/arm-linux-androideabi/4.8]
  collapse library dir [/home/manuel/github/CLM-framework/android-toolchain/bin/../lib/gcc] ==> [/home/manuel/github/CLM-framework/android-toolchain/lib/gcc]
  collapse library dir [/home/manuel/github/CLM-framework/android-toolchain/bin/../lib/gcc/arm-linux-androideabi/4.8/../../../../arm-linux-androideabi/lib] ==> [/home/manuel/github/CLM-framework/android-toolchain/arm-linux-androideabi/lib]
  collapse library dir [/home/manuel/github/CLM-framework/android-toolchain/bin/../sysroot/usr/lib] ==> [/home/manuel/github/CLM-framework/android-toolchain/sysroot/usr/lib]
  implicit libs: [c;dl]
  implicit dirs: [/home/manuel/github/CLM-framework/android-toolchain/lib/gcc/arm-linux-androideabi/4.8;/home/manuel/github/CLM-framework/android-toolchain/lib/gcc;/home/manuel/github/CLM-framework/android-toolchain/arm-linux-androideabi/lib;/home/manuel/github/CLM-framework/android-toolchain/sysroot/usr/lib]
  implicit fwks: []


Determining if the CXX compiler works passed with the following output:
Change Dir: /home/manuel/github/CLM-framework/exe/SimpleCLM/CMakeFiles/CMakeTmp

Run Build Command:/usr/bin/make "cmTryCompileExec1858636382/fast"
/usr/bin/make -f CMakeFiles/cmTryCompileExec1858636382.dir/build.make CMakeFiles/cmTryCompileExec1858636382.dir/build
make[1]: Entering directory `/home/manuel/github/CLM-framework/exe/SimpleCLM/CMakeFiles/CMakeTmp'
/usr/bin/cmake -E cmake_progress_report /home/manuel/github/CLM-framework/exe/SimpleCLM/CMakeFiles/CMakeTmp/CMakeFiles 1
Building CXX object CMakeFiles/cmTryCompileExec1858636382.dir/testCXXCompiler.cxx.o
/home/manuel/github/CLM-framework/android-toolchain/bin/arm-linux-androideabi-g++     -o CMakeFiles/cmTryCompileExec1858636382.dir/testCXXCompiler.cxx.o -c /home/manuel/github/CLM-framework/exe/SimpleCLM/CMakeFiles/CMakeTmp/testCXXCompiler.cxx
Linking CXX executable cmTryCompileExec1858636382
/usr/bin/cmake -E cmake_link_script CMakeFiles/cmTryCompileExec1858636382.dir/link.txt --verbose=1
/home/manuel/github/CLM-framework/android-toolchain/bin/arm-linux-androideabi-g++        CMakeFiles/cmTryCompileExec1858636382.dir/testCXXCompiler.cxx.o  -o cmTryCompileExec1858636382 -rdynamic 
make[1]: Leaving directory `/home/manuel/github/CLM-framework/exe/SimpleCLM/CMakeFiles/CMakeTmp'


Detecting CXX compiler ABI info compiled with the following output:
Change Dir: /home/manuel/github/CLM-framework/exe/SimpleCLM/CMakeFiles/CMakeTmp

Run Build Command:/usr/bin/make "cmTryCompileExec1998244503/fast"
/usr/bin/make -f CMakeFiles/cmTryCompileExec1998244503.dir/build.make CMakeFiles/cmTryCompileExec1998244503.dir/build
make[1]: Entering directory `/home/manuel/github/CLM-framework/exe/SimpleCLM/CMakeFiles/CMakeTmp'
/usr/bin/cmake -E cmake_progress_report /home/manuel/github/CLM-framework/exe/SimpleCLM/CMakeFiles/CMakeTmp/CMakeFiles 1
Building CXX object CMakeFiles/cmTryCompileExec1998244503.dir/CMakeCXXCompilerABI.cpp.o
/home/manuel/github/CLM-framework/android-toolchain/bin/arm-linux-androideabi-g++     -o CMakeFiles/cmTryCompileExec1998244503.dir/CMakeCXXCompilerABI.cpp.o -c /usr/share/cmake-2.8/Modules/CMakeCXXCompilerABI.cpp
Linking CXX executable cmTryCompileExec1998244503
/usr/bin/cmake -E cmake_link_script CMakeFiles/cmTryCompileExec1998244503.dir/link.txt --verbose=1
/home/manuel/github/CLM-framework/android-toolchain/bin/arm-linux-androideabi-g++      -v CMakeFiles/cmTryCompileExec1998244503.dir/CMakeCXXCompilerABI.cpp.o  -o cmTryCompileExec1998244503 -rdynamic  
Using built-in specs.
COLLECT_GCC=/home/manuel/github/CLM-framework/android-toolchain/bin/arm-linux-androideabi-g++
COLLECT_LTO_WRAPPER=/home/manuel/github/CLM-framework/android-toolchain/bin/../libexec/gcc/arm-linux-androideabi/4.8/lto-wrapper
Target: arm-linux-androideabi
Configured with: /s/ndk-toolchain/src/build/../gcc/gcc-4.8/configure --prefix=/tmp/ndk-andrewhsieh/build/toolchain/prefix --target=arm-linux-androideabi --host=x86_64-linux-gnu --build=x86_64-linux-gnu --with-gnu-as --with-gnu-ld --enable-languages=c,c++ --with-gmp=/tmp/ndk-andrewhsieh/build/toolchain/temp-install --with-mpfr=/tmp/ndk-andrewhsieh/build/toolchain/temp-install --with-mpc=/tmp/ndk-andrewhsieh/build/toolchain/temp-install --with-cloog=/tmp/ndk-andrewhsieh/build/toolchain/temp-install --with-isl=/tmp/ndk-andrewhsieh/build/toolchain/temp-install --with-ppl=/tmp/ndk-andrewhsieh/build/toolchain/temp-install --disable-ppl-version-check --disable-cloog-version-check --disable-isl-version-check --enable-cloog-backend=isl --with-host-libstdcxx='-static-libgcc -Wl,-Bstatic,-lstdc++,-Bdynamic -lm' --disable-libssp --enable-threads --disable-nls --disable-libmudflap --disable-libgomp --disable-libstdc__-v3 --disable-sjlj-exceptions --disable-shared --disable-tls --disable-libitm --with-float=soft --with-fpu=vfp --with-arch=armv5te --enable-target-optspace --enable-initfini-array --disable-nls --prefix=/tmp/ndk-andrewhsieh/build/toolchain/prefix --with-sysroot=/tmp/ndk-andrewhsieh/build/toolchain/prefix/sysroot --with-binutils-version=2.25 --with-mpfr-version=3.1.1 --with-mpc-version=1.0.1 --with-gmp-version=5.0.5 --with-gcc-version=4.8 --with-gdb-version=7.7 --with-python=/usr/local/google/home/andrewhsieh/mydroid/ndk/prebuilt/linux-x86_64/bin/python-config.sh --with-gxx-include-dir=/tmp/ndk-andrewhsieh/build/toolchain/prefix/include/c++/4.8 --with-bugurl=http://source.android.com/source/report-bugs.html --enable-languages=c,c++ --disable-bootstrap --enable-plugins --enable-libgomp --enable-gnu-indirect-function --disable-libsanitizer --enable-gold --enable-threads --enable-graphite=yes --with-cloog-version=0.18.0 --with-isl-version=0.11.1 --enable-eh-frame-hdr-for-static --with-arch=armv5te --program-transform-name='s&^&arm-linux-androideabi-&' --enable-gold=default
Thread model: posix
gcc version 4.8 (GCC) 
COMPILER_PATH=/home/manuel/github/CLM-framework/android-toolchain/bin/../libexec/gcc/arm-linux-androideabi/4.8/:/home/manuel/github/CLM-framework/android-toolchain/bin/../libexec/gcc/:/home/manuel/github/CLM-framework/android-toolchain/bin/../lib/gcc/arm-linux-androideabi/4.8/../../../../arm-linux-androideabi/bin/
LIBRARY_PATH=/home/manuel/github/CLM-framework/android-toolchain/bin/../lib/gcc/arm-linux-androideabi/4.8/:/home/manuel/github/CLM-framework/android-toolchain/bin/../lib/gcc/:/home/manuel/github/CLM-framework/android-toolchain/bin/../lib/gcc/arm-linux-androideabi/4.8/../../../../arm-linux-androideabi/lib/:/home/manuel/github/CLM-framework/android-toolchain/bin/../sysroot/usr/lib/
COLLECT_GCC_OPTIONS='-v' '-o' 'cmTryCompileExec1998244503' '-rdynamic' '-march=armv5te' '-mfloat-abi=soft' '-mfpu=vfp' '-mtls-dialect=gnu'
 /home/manuel/github/CLM-framework/android-toolchain/bin/../libexec/gcc/arm-linux-androideabi/4.8/collect2 --sysroot=/home/manuel/github/CLM-framework/android-toolchain/bin/../sysroot --eh-frame-hdr -export-dynamic -dynamic-linker /system/bin/linker -X -m armelf_linux_eabi -z noexecstack -z relro -z now -o cmTryCompileExec1998244503 /home/manuel/github/CLM-framework/android-toolchain/bin/../sysroot/usr/lib/crtbegin_dynamic.o -L/home/manuel/github/CLM-framework/android-toolchain/bin/../lib/gcc/arm-linux-androideabi/4.8 -L/home/manuel/github/CLM-framework/android-toolchain/bin/../lib/gcc -L/home/manuel/github/CLM-framework/android-toolchain/bin/../lib/gcc/arm-linux-androideabi/4.8/../../../../arm-linux-androideabi/lib -L/home/manuel/github/CLM-framework/android-toolchain/bin/../sysroot/usr/lib CMakeFiles/cmTryCompileExec1998244503.dir/CMakeCXXCompilerABI.cpp.o -lstdc++ -lm -lgcc -lc -ldl -lgcc /home/manuel/github/CLM-framework/android-toolchain/bin/../sysroot/usr/lib/crtend_android.o
make[1]: Leaving directory `/home/manuel/github/CLM-framework/exe/SimpleCLM/CMakeFiles/CMakeTmp'


Parsed CXX implicit link information from above output:
  link line regex: [^( *|.*[/\])(ld|([^/\]+-)?ld|collect2)[^/\]*( |$)]
  ignore line: [Change Dir: /home/manuel/github/CLM-framework/exe/SimpleCLM/CMakeFiles/CMakeTmp]
  ignore line: []
  ignore line: [Run Build Command:/usr/bin/make "cmTryCompileExec1998244503/fast"]
  ignore line: [/usr/bin/make -f CMakeFiles/cmTryCompileExec1998244503.dir/build.make CMakeFiles/cmTryCompileExec1998244503.dir/build]
  ignore line: [make[1]: Entering directory `/home/manuel/github/CLM-framework/exe/SimpleCLM/CMakeFiles/CMakeTmp']
  ignore line: [/usr/bin/cmake -E cmake_progress_report /home/manuel/github/CLM-framework/exe/SimpleCLM/CMakeFiles/CMakeTmp/CMakeFiles 1]
  ignore line: [Building CXX object CMakeFiles/cmTryCompileExec1998244503.dir/CMakeCXXCompilerABI.cpp.o]
  ignore line: [/home/manuel/github/CLM-framework/android-toolchain/bin/arm-linux-androideabi-g++     -o CMakeFiles/cmTryCompileExec1998244503.dir/CMakeCXXCompilerABI.cpp.o -c /usr/share/cmake-2.8/Modules/CMakeCXXCompilerABI.cpp]
  ignore line: [Linking CXX executable cmTryCompileExec1998244503]
  ignore line: [/usr/bin/cmake -E cmake_link_script CMakeFiles/cmTryCompileExec1998244503.dir/link.txt --verbose=1]
  ignore line: [/home/manuel/github/CLM-framework/android-toolchain/bin/arm-linux-androideabi-g++      -v CMakeFiles/cmTryCompileExec1998244503.dir/CMakeCXXCompilerABI.cpp.o  -o cmTryCompileExec1998244503 -rdynamic  ]
  ignore line: [Using built-in specs.]
  ignore line: [COLLECT_GCC=/home/manuel/github/CLM-framework/android-toolchain/bin/arm-linux-androideabi-g++]
  ignore line: [COLLECT_LTO_WRAPPER=/home/manuel/github/CLM-framework/android-toolchain/bin/../libexec/gcc/arm-linux-androideabi/4.8/lto-wrapper]
  ignore line: [Target: arm-linux-androideabi]
  ignore line: [Configured with: /s/ndk-toolchain/src/build/../gcc/gcc-4.8/configure --prefix=/tmp/ndk-andrewhsieh/build/toolchain/prefix --target=arm-linux-androideabi --host=x86_64-linux-gnu --build=x86_64-linux-gnu --with-gnu-as --with-gnu-ld --enable-languages=c,c++ --with-gmp=/tmp/ndk-andrewhsieh/build/toolchain/temp-install --with-mpfr=/tmp/ndk-andrewhsieh/build/toolchain/temp-install --with-mpc=/tmp/ndk-andrewhsieh/build/toolchain/temp-install --with-cloog=/tmp/ndk-andrewhsieh/build/toolchain/temp-install --with-isl=/tmp/ndk-andrewhsieh/build/toolchain/temp-install --with-ppl=/tmp/ndk-andrewhsieh/build/toolchain/temp-install --disable-ppl-version-check --disable-cloog-version-check --disable-isl-version-check --enable-cloog-backend=isl --with-host-libstdcxx='-static-libgcc -Wl,-Bstatic,-lstdc++,-Bdynamic -lm' --disable-libssp --enable-threads --disable-nls --disable-libmudflap --disable-libgomp --disable-libstdc__-v3 --disable-sjlj-exceptions --disable-shared --disable-tls --disable-libitm --with-float=soft --with-fpu=vfp --with-arch=armv5te --enable-target-optspace --enable-initfini-array --disable-nls --prefix=/tmp/ndk-andrewhsieh/build/toolchain/prefix --with-sysroot=/tmp/ndk-andrewhsieh/build/toolchain/prefix/sysroot --with-binutils-version=2.25 --with-mpfr-version=3.1.1 --with-mpc-version=1.0.1 --with-gmp-version=5.0.5 --with-gcc-version=4.8 --with-gdb-version=7.7 --with-python=/usr/local/google/home/andrewhsieh/mydroid/ndk/prebuilt/linux-x86_64/bin/python-config.sh --with-gxx-include-dir=/tmp/ndk-andrewhsieh/build/toolchain/prefix/include/c++/4.8 --with-bugurl=http://source.android.com/source/report-bugs.html --enable-languages=c,c++ --disable-bootstrap --enable-plugins --enable-libgomp --enable-gnu-indirect-function --disable-libsanitizer --enable-gold --enable-threads --enable-graphite=yes --with-cloog-version=0.18.0 --with-isl-version=0.11.1 --enable-eh-frame-hdr-for-static --with-arch=armv5te --program-transform-name='s&^&arm-linux-androideabi-&' --enable-gold=default]
  ignore line: [Thread model: posix]
  ignore line: [gcc version 4.8 (GCC) ]
  ignore line: [COMPILER_PATH=/home/manuel/github/CLM-framework/android-toolchain/bin/../libexec/gcc/arm-linux-androideabi/4.8/:/home/manuel/github/CLM-framework/android-toolchain/bin/../libexec/gcc/:/home/manuel/github/CLM-framework/android-toolchain/bin/../lib/gcc/arm-linux-androideabi/4.8/../../../../arm-linux-androideabi/bin/]
  ignore line: [LIBRARY_PATH=/home/manuel/github/CLM-framework/android-toolchain/bin/../lib/gcc/arm-linux-androideabi/4.8/:/home/manuel/github/CLM-framework/android-toolchain/bin/../lib/gcc/:/home/manuel/github/CLM-framework/android-toolchain/bin/../lib/gcc/arm-linux-androideabi/4.8/../../../../arm-linux-androideabi/lib/:/home/manuel/github/CLM-framework/android-toolchain/bin/../sysroot/usr/lib/]
  ignore line: [COLLECT_GCC_OPTIONS='-v' '-o' 'cmTryCompileExec1998244503' '-rdynamic' '-march=armv5te' '-mfloat-abi=soft' '-mfpu=vfp' '-mtls-dialect=gnu']
  link line: [ /home/manuel/github/CLM-framework/android-toolchain/bin/../libexec/gcc/arm-linux-androideabi/4.8/collect2 --sysroot=/home/manuel/github/CLM-framework/android-toolchain/bin/../sysroot --eh-frame-hdr -export-dynamic -dynamic-linker /system/bin/linker -X -m armelf_linux_eabi -z noexecstack -z relro -z now -o cmTryCompileExec1998244503 /home/manuel/github/CLM-framework/android-toolchain/bin/../sysroot/usr/lib/crtbegin_dynamic.o -L/home/manuel/github/CLM-framework/android-toolchain/bin/../lib/gcc/arm-linux-androideabi/4.8 -L/home/manuel/github/CLM-framework/android-toolchain/bin/../lib/gcc -L/home/manuel/github/CLM-framework/android-toolchain/bin/../lib/gcc/arm-linux-androideabi/4.8/../../../../arm-linux-androideabi/lib -L/home/manuel/github/CLM-framework/android-toolchain/bin/../sysroot/usr/lib CMakeFiles/cmTryCompileExec1998244503.dir/CMakeCXXCompilerABI.cpp.o -lstdc++ -lm -lgcc -lc -ldl -lgcc /home/manuel/github/CLM-framework/android-toolchain/bin/../sysroot/usr/lib/crtend_android.o]
    arg [/home/manuel/github/CLM-framework/android-toolchain/bin/../libexec/gcc/arm-linux-androideabi/4.8/collect2] ==> ignore
    arg [--sysroot=/home/manuel/github/CLM-framework/android-toolchain/bin/../sysroot] ==> ignore
    arg [--eh-frame-hdr] ==> ignore
    arg [-export-dynamic] ==> ignore
    arg [-dynamic-linker] ==> ignore
    arg [/system/bin/linker] ==> ignore
    arg [-X] ==> ignore
    arg [-m] ==> ignore
    arg [armelf_linux_eabi] ==> ignore
    arg [-znoexecstack] ==> ignore
    arg [-zrelro] ==> ignore
    arg [-znow] ==> ignore
    arg [-o] ==> ignore
    arg [cmTryCompileExec1998244503] ==> ignore
    arg [/home/manuel/github/CLM-framework/android-toolchain/bin/../sysroot/usr/lib/crtbegin_dynamic.o] ==> ignore
    arg [-L/home/manuel/github/CLM-framework/android-toolchain/bin/../lib/gcc/arm-linux-androideabi/4.8] ==> dir [/home/manuel/github/CLM-framework/android-toolchain/bin/../lib/gcc/arm-linux-androideabi/4.8]
    arg [-L/home/manuel/github/CLM-framework/android-toolchain/bin/../lib/gcc] ==> dir [/home/manuel/github/CLM-framework/android-toolchain/bin/../lib/gcc]
    arg [-L/home/manuel/github/CLM-framework/android-toolchain/bin/../lib/gcc/arm-linux-androideabi/4.8/../../../../arm-linux-androideabi/lib] ==> dir [/home/manuel/github/CLM-framework/android-toolchain/bin/../lib/gcc/arm-linux-androideabi/4.8/../../../../arm-linux-androideabi/lib]
    arg [-L/home/manuel/github/CLM-framework/android-toolchain/bin/../sysroot/usr/lib] ==> dir [/home/manuel/github/CLM-framework/android-toolchain/bin/../sysroot/usr/lib]
    arg [CMakeFiles/cmTryCompileExec1998244503.dir/CMakeCXXCompilerABI.cpp.o] ==> ignore
    arg [-lstdc++] ==> lib [stdc++]
    arg [-lm] ==> lib [m]
    arg [-lgcc] ==> lib [gcc]
    arg [-lc] ==> lib [c]
    arg [-ldl] ==> lib [dl]
    arg [-lgcc] ==> lib [gcc]
    arg [/home/manuel/github/CLM-framework/android-toolchain/bin/../sysroot/usr/lib/crtend_android.o] ==> ignore
  remove lib [gcc]
  remove lib [gcc]
  collapse library dir [/home/manuel/github/CLM-framework/android-toolchain/bin/../lib/gcc/arm-linux-androideabi/4.8] ==> [/home/manuel/github/CLM-framework/android-toolchain/lib/gcc/arm-linux-androideabi/4.8]
  collapse library dir [/home/manuel/github/CLM-framework/android-toolchain/bin/../lib/gcc] ==> [/home/manuel/github/CLM-framework/android-toolchain/lib/gcc]
  collapse library dir [/home/manuel/github/CLM-framework/android-toolchain/bin/../lib/gcc/arm-linux-androideabi/4.8/../../../../arm-linux-androideabi/lib] ==> [/home/manuel/github/CLM-framework/android-toolchain/arm-linux-androideabi/lib]
  collapse library dir [/home/manuel/github/CLM-framework/android-toolchain/bin/../sysroot/usr/lib] ==> [/home/manuel/github/CLM-framework/android-toolchain/sysroot/usr/lib]
  implicit libs: [stdc++;m;c;dl]
  implicit dirs: [/home/manuel/github/CLM-framework/android-toolchain/lib/gcc/arm-linux-androideabi/4.8;/home/manuel/github/CLM-framework/android-toolchain/lib/gcc;/home/manuel/github/CLM-framework/android-toolchain/arm-linux-androideabi/lib;/home/manuel/github/CLM-framework/android-toolchain/sysroot/usr/lib]
  implicit fwks: []


